This file contains any messages produced by compilers while
running configure, to aid debugging if configure makes a mistake.

It was created by ell configure 0.3, which was
generated by GNU Autoconf 2.69.  Invocation command line was

  $ ./configure --enable-maintainer-mode

## --------- ##
## Platform. ##
## --------- ##

hostname = Blues-Win7
uname -m = x86_64
uname -r = 2.5.0(0.297/5/3)
uname -s = MINGW32_NT-6.1
uname -v = 2016-04-12 13:08

/usr/bin/uname -p = unknown
/bin/uname -X     = unknown

/bin/arch              = x86_64
/usr/bin/arch -k       = unknown
/usr/convex/getsysinfo = unknown
/usr/bin/hostinfo      = unknown
/bin/machine           = unknown
/usr/bin/oslevel       = unknown
/bin/universe          = unknown

PATH: /mingw32/bin
PATH: /usr/local/bin
PATH: /usr/bin
PATH: /bin
PATH: /c/Windows/System32
PATH: /c/Windows
PATH: /c/Windows/System32/Wbem
PATH: /c/Windows/System32/WindowsPowerShell/v1.0/
PATH: /usr/bin/site_perl
PATH: /usr/bin/vendor_perl
PATH: /usr/bin/core_perl
PATH: /c/Program Files (x86)/GNU Tools ARM Embedded/4.9 2015q3/bin
PATH: /c/Program Files (x86)/Python35-32


## ----------- ##
## Core tests. ##
## ----------- ##

configure:1967: checking for a BSD-compatible install
configure:2035: result: /usr/bin/install -c
configure:2046: checking whether build environment is sane
configure:2101: result: yes
configure:2252: checking for a thread-safe mkdir -p
configure:2291: result: /usr/bin/mkdir -p
configure:2298: checking for gawk
configure:2314: found /usr/bin/gawk
configure:2325: result: gawk
configure:2336: checking whether make sets $(MAKE)
configure:2358: result: yes
configure:2387: checking whether make supports nested variables
configure:2404: result: yes
configure:2534: checking whether to enable maintainer-specific portions of Makefiles
configure:2543: result: yes
configure:2569: checking for style of include used by make
configure:2597: result: GNU
configure:2668: checking for gcc
configure:2684: found /mingw32/bin/gcc
configure:2695: result: gcc
configure:2924: checking for C compiler version
configure:2933: gcc --version >&5
gcc.exe (Rev5, Built by MSYS2 project) 5.3.0
Copyright (C) 2015 Free Software Foundation, Inc.
This is free software; see the source for copying conditions.  There is NO
warranty; not even for MERCHANTABILITY or FITNESS FOR A PARTICULAR PURPOSE.

configure:2944: $? = 0
configure:2933: gcc -v >&5
Using built-in specs.
COLLECT_GCC=C:\msys64\mingw32\bin\gcc.exe
COLLECT_LTO_WRAPPER=C:/msys64/mingw32/bin/../lib/gcc/i686-w64-mingw32/5.3.0/lto-wrapper.exe
Target: i686-w64-mingw32
Configured with: ../gcc-5.3.0/configure --prefix=/mingw32 --with-local-prefix=/mingw32/local --build=i686-w64-mingw32 --host=i686-w64-mingw32 --target=i686-w64-mingw32 --with-native-system-header-dir=/mingw32/i686-w64-mingw32/include --libexecdir=/mingw32/lib --with-gxx-include-dir=/mingw32/include/c++/5.3.0 --enable-bootstrap --with-arch=i686 --with-tune=generic --enable-languages=c,lto,c++,objc,obj-c++,fortran,ada --enable-shared --enable-static --enable-libatomic --enable-threads=posix --enable-graphite --enable-fully-dynamic-string --enable-libstdcxx-time=yes --disable-libstdcxx-pch --disable-libstdcxx-debug --enable-version-specific-runtime-libs --disable-isl-version-check --enable-lto --enable-libgomp --disable-multilib --enable-checking=release --disable-rpath --disable-win32-registry --disable-nls --disable-werror --disable-symvers --with-libiconv --with-system-zlib --with-gmp=/mingw32 --with-mpfr=/mingw32 --with-mpc=/mingw32 --with-isl=/mingw32 --with-pkgversion='Rev5, Built by MSYS2 project' --with-bugurl=https://sourceforge.net/projects/msys2 --with-gnu-as --with-gnu-ld --disable-sjlj-exceptions --with-dwarf2
Thread model: posix
gcc version 5.3.0 (Rev5, Built by MSYS2 project) 
configure:2944: $? = 0
configure:2933: gcc -V >&5
gcc.exe: error: unrecognized command line option '-V'
gcc.exe: fatal error: no input files
compilation terminated.
configure:2944: $? = 1
configure:2933: gcc -qversion >&5
gcc.exe: error: unrecognized command line option '-qversion'
gcc.exe: fatal error: no input files
compilation terminated.
configure:2944: $? = 1
configure:2964: checking whether the C compiler works
configure:2986: gcc    conftest.c  >&5
configure:2990: $? = 0
configure:3038: result: yes
configure:3041: checking for C compiler default output file name
configure:3043: result: a.exe
configure:3049: checking for suffix of executables
configure:3056: gcc -o conftest.exe    conftest.c  >&5
configure:3060: $? = 0
configure:3082: result: .exe
configure:3104: checking whether we are cross compiling
configure:3112: gcc -o conftest.exe    conftest.c  >&5
configure:3116: $? = 0
configure:3123: ./conftest.exe
configure:3127: $? = 0
configure:3142: result: no
configure:3147: checking for suffix of object files
configure:3169: gcc -c   conftest.c >&5
configure:3173: $? = 0
configure:3194: result: o
configure:3198: checking whether we are using the GNU C compiler
configure:3217: gcc -c   conftest.c >&5
configure:3217: $? = 0
configure:3226: result: yes
configure:3235: checking whether gcc accepts -g
configure:3255: gcc -c -g  conftest.c >&5
configure:3255: $? = 0
configure:3296: result: yes
configure:3313: checking for gcc option to accept ISO C89
configure:3376: gcc  -c -g -O2  conftest.c >&5
configure:3376: $? = 0
configure:3389: result: none needed
configure:3414: checking whether gcc understands -c and -o together
configure:3436: gcc -c conftest.c -o conftest2.o
configure:3439: $? = 0
configure:3436: gcc -c conftest.c -o conftest2.o
configure:3439: $? = 0
configure:3451: result: yes
configure:3470: checking dependency style of gcc
configure:3581: result: gcc3
configure:3597: checking for library containing strerror
configure:3628: gcc -o conftest.exe -g -O2   conftest.c  >&5
configure:3628: $? = 0
configure:3645: result: none required
configure:3701: checking for gcc
configure:3728: result: gcc
configure:3957: checking for C compiler version
configure:3966: gcc --version >&5
gcc.exe (Rev5, Built by MSYS2 project) 5.3.0
Copyright (C) 2015 Free Software Foundation, Inc.
This is free software; see the source for copying conditions.  There is NO
warranty; not even for MERCHANTABILITY or FITNESS FOR A PARTICULAR PURPOSE.

configure:3977: $? = 0
configure:3966: gcc -v >&5
Using built-in specs.
COLLECT_GCC=C:\msys64\mingw32\bin\gcc.exe
COLLECT_LTO_WRAPPER=C:/msys64/mingw32/bin/../lib/gcc/i686-w64-mingw32/5.3.0/lto-wrapper.exe
Target: i686-w64-mingw32
Configured with: ../gcc-5.3.0/configure --prefix=/mingw32 --with-local-prefix=/mingw32/local --build=i686-w64-mingw32 --host=i686-w64-mingw32 --target=i686-w64-mingw32 --with-native-system-header-dir=/mingw32/i686-w64-mingw32/include --libexecdir=/mingw32/lib --with-gxx-include-dir=/mingw32/include/c++/5.3.0 --enable-bootstrap --with-arch=i686 --with-tune=generic --enable-languages=c,lto,c++,objc,obj-c++,fortran,ada --enable-shared --enable-static --enable-libatomic --enable-threads=posix --enable-graphite --enable-fully-dynamic-string --enable-libstdcxx-time=yes --disable-libstdcxx-pch --disable-libstdcxx-debug --enable-version-specific-runtime-libs --disable-isl-version-check --enable-lto --enable-libgomp --disable-multilib --enable-checking=release --disable-rpath --disable-win32-registry --disable-nls --disable-werror --disable-symvers --with-libiconv --with-system-zlib --with-gmp=/mingw32 --with-mpfr=/mingw32 --with-mpc=/mingw32 --with-isl=/mingw32 --with-pkgversion='Rev5, Built by MSYS2 project' --with-bugurl=https://sourceforge.net/projects/msys2 --with-gnu-as --with-gnu-ld --disable-sjlj-exceptions --with-dwarf2
Thread model: posix
gcc version 5.3.0 (Rev5, Built by MSYS2 project) 
configure:3977: $? = 0
configure:3966: gcc -V >&5
gcc.exe: error: unrecognized command line option '-V'
gcc.exe: fatal error: no input files
compilation terminated.
configure:3977: $? = 1
configure:3966: gcc -qversion >&5
gcc.exe: error: unrecognized command line option '-qversion'
gcc.exe: fatal error: no input files
compilation terminated.
configure:3977: $? = 1
configure:3981: checking whether we are using the GNU C compiler
configure:4009: result: yes
configure:4018: checking whether gcc accepts -g
configure:4079: result: yes
configure:4096: checking for gcc option to accept ISO C89
configure:4172: result: none needed
configure:4197: checking whether gcc understands -c and -o together
configure:4234: result: yes
configure:4253: checking dependency style of gcc
configure:4364: result: gcc3
configure:4427: checking for gcc
configure:4454: result: gcc
configure:4683: checking for C compiler version
configure:4692: gcc --version >&5
gcc.exe (Rev5, Built by MSYS2 project) 5.3.0
Copyright (C) 2015 Free Software Foundation, Inc.
This is free software; see the source for copying conditions.  There is NO
warranty; not even for MERCHANTABILITY or FITNESS FOR A PARTICULAR PURPOSE.

configure:4703: $? = 0
configure:4692: gcc -v >&5
Using built-in specs.
COLLECT_GCC=C:\msys64\mingw32\bin\gcc.exe
COLLECT_LTO_WRAPPER=C:/msys64/mingw32/bin/../lib/gcc/i686-w64-mingw32/5.3.0/lto-wrapper.exe
Target: i686-w64-mingw32
Configured with: ../gcc-5.3.0/configure --prefix=/mingw32 --with-local-prefix=/mingw32/local --build=i686-w64-mingw32 --host=i686-w64-mingw32 --target=i686-w64-mingw32 --with-native-system-header-dir=/mingw32/i686-w64-mingw32/include --libexecdir=/mingw32/lib --with-gxx-include-dir=/mingw32/include/c++/5.3.0 --enable-bootstrap --with-arch=i686 --with-tune=generic --enable-languages=c,lto,c++,objc,obj-c++,fortran,ada --enable-shared --enable-static --enable-libatomic --enable-threads=posix --enable-graphite --enable-fully-dynamic-string --enable-libstdcxx-time=yes --disable-libstdcxx-pch --disable-libstdcxx-debug --enable-version-specific-runtime-libs --disable-isl-version-check --enable-lto --enable-libgomp --disable-multilib --enable-checking=release --disable-rpath --disable-win32-registry --disable-nls --disable-werror --disable-symvers --with-libiconv --with-system-zlib --with-gmp=/mingw32 --with-mpfr=/mingw32 --with-mpc=/mingw32 --with-isl=/mingw32 --with-pkgversion='Rev5, Built by MSYS2 project' --with-bugurl=https://sourceforge.net/projects/msys2 --with-gnu-as --with-gnu-ld --disable-sjlj-exceptions --with-dwarf2
Thread model: posix
gcc version 5.3.0 (Rev5, Built by MSYS2 project) 
configure:4703: $? = 0
configure:4692: gcc -V >&5
gcc.exe: error: unrecognized command line option '-V'
gcc.exe: fatal error: no input files
compilation terminated.
configure:4703: $? = 1
configure:4692: gcc -qversion >&5
gcc.exe: error: unrecognized command line option '-qversion'
gcc.exe: fatal error: no input files
compilation terminated.
configure:4703: $? = 1
configure:4707: checking whether we are using the GNU C compiler
configure:4735: result: yes
configure:4744: checking whether gcc accepts -g
configure:4805: result: yes
configure:4822: checking for gcc option to accept ISO C89
configure:4898: result: none needed
configure:4923: checking whether gcc understands -c and -o together
configure:4960: result: yes
configure:4979: checking dependency style of gcc
configure:5090: result: gcc3
configure:5112: checking how to run the C preprocessor
configure:5143: gcc -E  conftest.c
configure:5143: $? = 0
configure:5157: gcc -E  conftest.c
conftest.c:11:28: fatal error: ac_nonexistent.h: No such file or directory
compilation terminated.
configure:5157: $? = 1
configure: failed program was:
| /* confdefs.h */
| #define PACKAGE_NAME "ell"
| #define PACKAGE_TARNAME "ell"
| #define PACKAGE_VERSION "0.3"
| #define PACKAGE_STRING "ell 0.3"
| #define PACKAGE_BUGREPORT ""
| #define PACKAGE_URL ""
| #define PACKAGE "ell"
| #define VERSION "0.3"
| /* end confdefs.h.  */
| #include <ac_nonexistent.h>
configure:5182: result: gcc -E
configure:5202: gcc -E  conftest.c
configure:5202: $? = 0
configure:5216: gcc -E  conftest.c
conftest.c:11:28: fatal error: ac_nonexistent.h: No such file or directory
compilation terminated.
configure:5216: $? = 1
configure: failed program was:
| /* confdefs.h */
| #define PACKAGE_NAME "ell"
| #define PACKAGE_TARNAME "ell"
| #define PACKAGE_VERSION "0.3"
| #define PACKAGE_STRING "ell 0.3"
| #define PACKAGE_BUGREPORT ""
| #define PACKAGE_URL ""
| #define PACKAGE "ell"
| #define VERSION "0.3"
| /* end confdefs.h.  */
| #include <ac_nonexistent.h>
configure:5245: checking for grep that handles long lines and -e
configure:5303: result: /usr/bin/grep
configure:5308: checking for egrep
configure:5370: result: /usr/bin/grep -E
configure:5375: checking for ANSI C header files
configure:5395: gcc -c -g -O2  conftest.c >&5
configure:5395: $? = 0
configure:5468: gcc -o conftest.exe -g -O2   conftest.c  >&5
configure:5468: $? = 0
configure:5468: ./conftest.exe
configure:5468: $? = 0
configure:5479: result: yes
configure:5598: checking that generated files are newer than configure
configure:5604: result: done
configure:5639: creating ./config.status

## ---------------------- ##
## Running config.status. ##
## ---------------------- ##

This file was extended by ell config.status 0.3, which was
generated by GNU Autoconf 2.69.  Invocation command line was

  CONFIG_FILES    = 
  CONFIG_HEADERS  = 
  CONFIG_LINKS    = 
  CONFIG_COMMANDS = 
  $ ./config.status 

on Blues-Win7

config.status:847: creating Makefile
config.status:847: creating config.h
config.status:1076: executing depfiles commands

## ---------------- ##
## Cache variables. ##
## ---------------- ##

ac_cv_c_compiler_gnu=yes
ac_cv_env_CC_set=
ac_cv_env_CC_value=
ac_cv_env_CFLAGS_set=
ac_cv_env_CFLAGS_value=
ac_cv_env_CPPFLAGS_set=
ac_cv_env_CPPFLAGS_value=
ac_cv_env_CPP_set=
ac_cv_env_CPP_value=
ac_cv_env_LDFLAGS_set=
ac_cv_env_LDFLAGS_value=
ac_cv_env_LIBS_set=
ac_cv_env_LIBS_value=
ac_cv_env_build_alias_set=
ac_cv_env_build_alias_value=
ac_cv_env_host_alias_set=
ac_cv_env_host_alias_value=
ac_cv_env_target_alias_set=
ac_cv_env_target_alias_value=
ac_cv_exeext=.exe
ac_cv_header_stdc=yes
ac_cv_objext=o
ac_cv_path_EGREP='/usr/bin/grep -E'
ac_cv_path_GREP=/usr/bin/grep
ac_cv_path_install='/usr/bin/install -c'
ac_cv_path_mkdir=/usr/bin/mkdir
ac_cv_prog_AWK=gawk
ac_cv_prog_CPP='gcc -E'
ac_cv_prog_ac_ct_CC=gcc
ac_cv_prog_cc_c89=
ac_cv_prog_cc_g=yes
ac_cv_prog_make_make_set=yes
ac_cv_search_strerror='none required'
am_cv_CC_dependencies_compiler_type=gcc3
am_cv_make_support_nested_variables=yes
am_cv_prog_cc_c_o=yes
am_cv_prog_cc_stdc=

## ----------------- ##
## Output variables. ##
## ----------------- ##

ACLOCAL='${SHELL} /c/devel/yard-ice/tools/src/ell/missing aclocal-1.15'
AMDEPBACKSLASH='\'
AMDEP_FALSE='#'
AMDEP_TRUE=''
AMTAR='$${TAR-tar}'
AM_BACKSLASH='\'
AM_DEFAULT_V='$(AM_DEFAULT_VERBOSITY)'
AM_DEFAULT_VERBOSITY='1'
AM_V='$(V)'
AUTOCONF='${SHELL} /c/devel/yard-ice/tools/src/ell/missing autoconf'
AUTOHEADER='${SHELL} /c/devel/yard-ice/tools/src/ell/missing autoheader'
AUTOMAKE='${SHELL} /c/devel/yard-ice/tools/src/ell/missing automake-1.15'
AWK='gawk'
CC='gcc'
CCDEPMODE='depmode=gcc3'
CFLAGS='-g -O2'
CPP='gcc -E'
CPPFLAGS=''
CYGPATH_W='cygpath -w'
DEFS='-DHAVE_CONFIG_H'
DEPDIR='.deps'
ECHO_C=''
ECHO_N='-n'
ECHO_T=''
EGREP='/usr/bin/grep -E'
EXEEXT='.exe'
GREP='/usr/bin/grep'
INSTALL_DATA='${INSTALL} -m 644'
INSTALL_PROGRAM='${INSTALL}'
INSTALL_SCRIPT='${INSTALL}'
INSTALL_STRIP_PROGRAM='$(install_sh) -c -s'
LDFLAGS=''
LIBOBJS=''
LIBS=''
LTLIBOBJS=''
MAINT=''
MAINTAINER_MODE_FALSE='#'
MAINTAINER_MODE_TRUE=''
MAKEINFO='${SHELL} /c/devel/yard-ice/tools/src/ell/missing makeinfo'
MKDIR_P='/usr/bin/mkdir -p'
OBJEXT='o'
PACKAGE='ell'
PACKAGE_BUGREPORT=''
PACKAGE_NAME='ell'
PACKAGE_STRING='ell 0.3'
PACKAGE_TARNAME='ell'
PACKAGE_URL=''
PACKAGE_VERSION='0.3'
PATH_SEPARATOR=':'
SET_MAKE=''
SHELL='/bin/sh'
STRIP=''
VERSION='0.3'
ac_ct_CC='gcc'
am__EXEEXT_FALSE='#'
am__EXEEXT_TRUE=''
am__fastdepCC_FALSE='#'
am__fastdepCC_TRUE=''
am__include='include'
am__isrc=''
am__leading_dot='.'
am__nodep='_no'
am__quote=''
am__tar='$${TAR-tar} chof - "$$tardir"'
am__untar='$${TAR-tar} xf -'
bindir='${exec_prefix}/bin'
build_alias=''
datadir='${datarootdir}'
datarootdir='${prefix}/share'
docdir='${datarootdir}/doc/${PACKAGE_TARNAME}'
dvidir='${docdir}'
exec_prefix='${prefix}'
host_alias=''
htmldir='${docdir}'
includedir='${prefix}/include'
infodir='${datarootdir}/info'
install_sh='${SHELL} /c/devel/yard-ice/tools/src/ell/install-sh'
libdir='${exec_prefix}/lib'
libexecdir='${exec_prefix}/libexec'
localedir='${datarootdir}/locale'
localstatedir='${prefix}/var'
mandir='${datarootdir}/man'
mkdir_p='$(MKDIR_P)'
oldincludedir='/usr/include'
pdfdir='${docdir}'
prefix='/usr/local'
program_transform_name='s,x,x,'
psdir='${docdir}'
sbindir='${exec_prefix}/sbin'
sharedstatedir='${prefix}/com'
sysconfdir='${prefix}/etc'
target_alias=''

## ----------- ##
## confdefs.h. ##
## ----------- ##

/* confdefs.h */
#define PACKAGE_NAME "ell"
#define PACKAGE_TARNAME "ell"
#define PACKAGE_VERSION "0.3"
#define PACKAGE_STRING "ell 0.3"
#define PACKAGE_BUGREPORT ""
#define PACKAGE_URL ""
#define PACKAGE "ell"
#define VERSION "0.3"
#define STDC_HEADERS 1

configure: exit 0
